****************************************
Report : port
Module : RISCV
Mode   : default
Corner : default
Scenario: default
Version: O-2018.06-SP1
Date   : Thu Aug 28 00:29:14 2025
****************************************
                      Pin Cap                    Wire Cap
                   Min          Max           Min          Max
Port      Dir    rise/fall    rise/fall     rise/fall    rise/fall    Attributes
--------------------------------------------------------------------------------
dummy_out[0]
          out    4.00/4.00    4.00/4.00     0.00/0.00    0.00/0.00
dummy_out[10]
          out    4.00/4.00    4.00/4.00     0.00/0.00    0.00/0.00
dummy_out[11]
          out    4.00/4.00    4.00/4.00     0.00/0.00    0.00/0.00
dummy_out[12]
          out    4.00/4.00    4.00/4.00     0.00/0.00    0.00/0.00
dummy_out[13]
          out    4.00/4.00    4.00/4.00     0.00/0.00    0.00/0.00
dummy_out[14]
          out    4.00/4.00    4.00/4.00     0.00/0.00    0.00/0.00
dummy_out[15]
          out    4.00/4.00    4.00/4.00     0.00/0.00    0.00/0.00
dummy_out[16]
          out    4.00/4.00    4.00/4.00     0.00/0.00    0.00/0.00
dummy_out[17]
          out    4.00/4.00    4.00/4.00     0.00/0.00    0.00/0.00
dummy_out[18]
          out    4.00/4.00    4.00/4.00     0.00/0.00    0.00/0.00
dummy_out[19]
          out    4.00/4.00    4.00/4.00     0.00/0.00    0.00/0.00
dummy_out[1]
          out    4.00/4.00    4.00/4.00     0.00/0.00    0.00/0.00
dummy_out[20]
          out    4.00/4.00    4.00/4.00     0.00/0.00    0.00/0.00
dummy_out[21]
          out    4.00/4.00    4.00/4.00     0.00/0.00    0.00/0.00
dummy_out[22]
          out    4.00/4.00    4.00/4.00     0.00/0.00    0.00/0.00
dummy_out[23]
          out    4.00/4.00    4.00/4.00     0.00/0.00    0.00/0.00
dummy_out[24]
          out    4.00/4.00    4.00/4.00     0.00/0.00    0.00/0.00
dummy_out[25]
          out    4.00/4.00    4.00/4.00     0.00/0.00    0.00/0.00
dummy_out[26]
          out    4.00/4.00    4.00/4.00     0.00/0.00    0.00/0.00
dummy_out[27]
          out    4.00/4.00    4.00/4.00     0.00/0.00    0.00/0.00
dummy_out[28]
          out    4.00/4.00    4.00/4.00     0.00/0.00    0.00/0.00
dummy_out[29]
          out    4.00/4.00    4.00/4.00     0.00/0.00    0.00/0.00
dummy_out[2]
          out    4.00/4.00    4.00/4.00     0.00/0.00    0.00/0.00
dummy_out[30]
          out    4.00/4.00    4.00/4.00     0.00/0.00    0.00/0.00
dummy_out[31]
          out    4.00/4.00    4.00/4.00     0.00/0.00    0.00/0.00
dummy_out[3]
          out    4.00/4.00    4.00/4.00     0.00/0.00    0.00/0.00
dummy_out[4]
          out    4.00/4.00    4.00/4.00     0.00/0.00    0.00/0.00
dummy_out[5]
          out    4.00/4.00    4.00/4.00     0.00/0.00    0.00/0.00
dummy_out[6]
          out    4.00/4.00    4.00/4.00     0.00/0.00    0.00/0.00
dummy_out[7]
          out    4.00/4.00    4.00/4.00     0.00/0.00    0.00/0.00
dummy_out[8]
          out    4.00/4.00    4.00/4.00     0.00/0.00    0.00/0.00
dummy_out[9]
          out    4.00/4.00    4.00/4.00     0.00/0.00    0.00/0.00
1
