****************************************
Report : report_utilization
Design : RISCV
Version: O-2018.06-SP1
Date   : Thu Aug 28 00:29:16 2025
****************************************
Utilization Ratio:			0.5006
Utilization options:
 - Area calculation based on:		site_row of block RISCV_fp
 - Categories of objects excluded:	hard_macros macro_keepouts soft_macros io_cells hard_blockages 
Total Area:				535589.6832
Total Capacity Area:			535589.6832
Total Area of cells:			268103.5776
Area of excluded objects:
 - hard_macros         :		0.0000
 - macro_keepouts      :		0.0000
 - soft_macros         :		0.0000
 - io_cells            :		0.0000
 - hard_blockages      :		0.0000

Utilization of site-rows with:
 - Site 'unit':				0.5006

0.5006
