****************************************
Report : port
        -design_rule
        -input_delay
        -drive
        -output_delay
Module : RISCV
Mode   : default
Corner : default
Scenario: default
Version: O-2018.06-SP1
Date   : Thu Aug 28 08:38:39 2025
****************************************
                      Pin Cap                    Wire Cap
                   Min          Max           Min          Max
Port      Dir    rise/fall    rise/fall     rise/fall    rise/fall    Attributes
--------------------------------------------------------------------------------
clk       in     0.00/0.00    0.00/0.00     0.00/0.00    0.00/0.00

Port           MaxTrans MaxCap   MinCap
-------------------------------------------
clk            --       --       --

                      Input Delay
                    Min             Max       Related Related
 Input Port     Rise    Fall    Rise    Fall   Clock   Pin
-----------------------------------------------------------------
clk             --      --      --      --      --      --

            Resistance (min/max)
Input Port  Rise             Fall
--------------------------------------------------------------------------------
clk         --               --
1
