****************************************
Report : net
Design : RISCV
Version: O-2018.06-SP1
Date   : Sun Aug 24 08:00:20 2025
****************************************

Attributes
    d - user dont_touch
    D - derived dont_touch


Net                 Fanout    Fanin   Pins         Attributes
--------------------------------------------------------------------------------
*Logic0*               103        0    103         
*Logic1*                 0        0      0         
ALUControl[0]            2        1      3         
ALUControl[1]            2        1      3         
ALUControl[2]            2        1      3         
ALUSrc                   2        1      3         
ImmExt[0]                2        1      3         
ImmExt[10]               2        1      3         
ImmExt[11]               2        1      3         
ImmExt[12]               2        1      3         
ImmExt[13]               2        1      3         
ImmExt[14]               2        1      3         
ImmExt[15]               2        1      3         
ImmExt[16]               2        1      3         
ImmExt[17]               2        1      3         
ImmExt[18]               2        1      3         
ImmExt[19]               2        1      3         
ImmExt[1]                2        1      3         
ImmExt[20]               2        1      3         
ImmExt[21]               2        1      3         
ImmExt[22]               2        1      3         
ImmExt[23]               2        1      3         
ImmExt[24]               2        1      3         
ImmExt[25]               2        1      3         
ImmExt[26]               2        1      3         
ImmExt[27]               2        1      3         
ImmExt[28]               2        1      3         
ImmExt[29]               2        1      3         
ImmExt[2]                2        1      3         
ImmExt[30]               1        1      2         
ImmExt[31]               2        1      3         
ImmExt[3]                2        1      3         
ImmExt[4]                2        1      3         
ImmExt[5]                2        1      3         
ImmExt[6]                2        1      3         
ImmExt[7]                2        1      3         
ImmExt[8]                2        1      3         
ImmExt[9]                2        1      3         
ImmSrc[0]                2        1      3         
ImmSrc[1]                2        1      3         
Instr[0]                 0        0      0         
Instr[10]                0        0      0         
Instr[11]                0        0      0         
Instr[12]                0        0      0         
Instr[13]                0        0      0         
Instr[14]                0        0      0         
Instr[15]                0        0      0         
Instr[16]                0        0      0         
Instr[17]                0        0      0         
Instr[18]                0        0      0         
Instr[19]                0        0      0         
Instr[1]                 0        0      0         
Instr[20]                0        0      0         
Instr[21]                0        0      0         
Instr[22]                0        0      0         
Instr[23]                0        0      0         
Instr[24]                0        0      0         
Instr[25]                0        0      0         
Instr[26]                0        0      0         
Instr[27]                0        0      0         
Instr[28]                0        0      0         
Instr[29]                0        0      0         
Instr[2]                 0        0      0         
Instr[30]                0        0      0         
Instr[31]                0        0      0         
Instr[3]                 0        0      0         
Instr[4]                 0        0      0         
Instr[5]                 0        0      0         
Instr[6]                 0        0      0         
Instr[7]                 0        0      0         
Instr[8]                 0        0      0         
Instr[9]                 0        0      0         
MemWrite                 1        1      2         
PCNext[0]                1        1      2         
PCNext[10]               1        1      2         
PCNext[11]               1        1      2         
PCNext[12]               1        1      2         
PCNext[13]               1        1      2         
PCNext[14]               1        1      2         
PCNext[15]               1        1      2         
PCNext[16]               1        1      2         
PCNext[17]               1        1      2         
PCNext[18]               1        1      2         
PCNext[19]               1        1      2         
PCNext[1]                1        1      2         
PCNext[20]               1        1      2         
PCNext[21]               1        1      2         
PCNext[22]               1        1      2         
PCNext[23]               1        1      2         
PCNext[24]               1        1      2         
PCNext[25]               1        1      2         
PCNext[26]               1        1      2         
PCNext[27]               1        1      2         
PCNext[28]               1        1      2         
PCNext[29]               1        1      2         
PCNext[2]                1        1      2         
PCNext[30]               1        1      2         
PCNext[31]               1        1      2         
PCNext[3]                1        1      2         
PCNext[4]                1        1      2         
PCNext[5]                1        1      2         
PCNext[6]                1        1      2         
PCNext[7]                1        1      2         
PCNext[8]                1        1      2         
PCNext[9]                1        1      2         
PCPlus4[0]               2        1      3         
PCPlus4[10]              2        1      3         
PCPlus4[11]              2        1      3         
PCPlus4[12]              2        1      3         
PCPlus4[13]              2        1      3         
PCPlus4[14]              2        1      3         
PCPlus4[15]              2        1      3         
PCPlus4[16]              2        1      3         
PCPlus4[17]              2        1      3         
PCPlus4[18]              2        1      3         
PCPlus4[19]              2        1      3         
PCPlus4[1]               2        1      3         
PCPlus4[20]              2        1      3         
PCPlus4[21]              2        1      3         
PCPlus4[22]              2        1      3         
PCPlus4[23]              2        1      3         
PCPlus4[24]              2        1      3         
PCPlus4[25]              2        1      3         
PCPlus4[26]              2        1      3         
PCPlus4[27]              2        1      3         
PCPlus4[28]              2        1      3         
PCPlus4[29]              2        1      3         
PCPlus4[2]               2        1      3         
PCPlus4[30]              2        1      3         
PCPlus4[31]              2        1      3         
PCPlus4[3]               2        1      3         
PCPlus4[4]               2        1      3         
PCPlus4[5]               2        1      3         
PCPlus4[6]               2        1      3         
PCPlus4[7]               2        1      3         
PCPlus4[8]               2        1      3         
PCPlus4[9]               2        1      3         
PCSrc                    2        1      3         
PCTarget[0]              1        1      2         
PCTarget[10]             1        1      2         
PCTarget[11]             1        1      2         
PCTarget[12]             1        1      2         
PCTarget[13]             1        1      2         
PCTarget[14]             1        1      2         
PCTarget[15]             1        1      2         
PCTarget[16]             1        1      2         
PCTarget[17]             1        1      2         
PCTarget[18]             1        1      2         
PCTarget[19]             1        1      2         
PCTarget[1]              1        1      2         
PCTarget[20]             1        1      2         
PCTarget[21]             1        1      2         
PCTarget[22]             1        1      2         
PCTarget[23]             1        1      2         
PCTarget[24]             1        1      2         
PCTarget[25]             1        1      2         
PCTarget[26]             1        1      2         
PCTarget[27]             1        1      2         
PCTarget[28]             1        1      2         
PCTarget[29]             1        1      2         
PCTarget[2]              1        1      2         
PCTarget[30]             1        1      2         
PCTarget[31]             1        1      2         
PCTarget[3]              1        1      2         
PCTarget[4]              1        1      2         
PCTarget[5]              1        1      2         
PCTarget[6]              1        1      2         
PCTarget[7]              1        1      2         
PCTarget[8]              1        1      2         
PCTarget[9]              1        1      2         
PC[0]                    2        1      3         
PC[10]                   2        1      3         
PC[11]                   2        1      3         
PC[12]                   2        1      3         
PC[13]                   2        1      3         
PC[14]                   2        1      3         
PC[15]                   2        1      3         
PC[16]                   2        1      3         
PC[17]                   2        1      3         
PC[18]                   2        1      3         
PC[19]                   2        1      3         
PC[1]                    2        1      3         
PC[20]                   2        1      3         
PC[21]                   2        1      3         
PC[22]                   2        1      3         
PC[23]                   2        1      3         
PC[24]                   2        1      3         
PC[25]                   2        1      3         
PC[26]                   2        1      3         
PC[27]                   2        1      3         
PC[28]                   2        1      3         
PC[29]                   2        1      3         
PC[2]                    2        1      3         
PC[30]                   2        1      3         
PC[31]                   2        1      3         
PC[3]                    2        1      3         
PC[4]                    2        1      3         
PC[5]                    2        1      3         
PC[6]                    2        1      3         
PC[7]                    2        1      3         
PC[8]                    2        1      3         
PC[9]                    2        1      3         
ReadData[0]              1        1      2         
ReadData[10]             1        1      2         
ReadData[11]             1        1      2         
ReadData[12]             1        1      2         
ReadData[13]             1        1      2         
ReadData[14]             1        1      2         
ReadData[15]             1        1      2         
ReadData[16]             1        1      2         
ReadData[17]             1        1      2         
ReadData[18]             1        1      2         
ReadData[19]             1        1      2         
ReadData[1]              1        1      2         
ReadData[20]             1        1      2         
ReadData[21]             1        1      2         
ReadData[22]             1        1      2         
ReadData[23]             1        1      2         
ReadData[24]             1        1      2         
ReadData[25]             1        1      2         
ReadData[26]             1        1      2         
ReadData[27]             1        1      2         
ReadData[28]             1        1      2         
ReadData[29]             1        1      2         
ReadData[2]              1        1      2         
ReadData[30]             1        1      2         
ReadData[31]             1        1      2         
ReadData[3]              1        1      2         
ReadData[4]              1        1      2         
ReadData[5]              1        1      2         
ReadData[6]              1        1      2         
ReadData[7]              1        1      2         
ReadData[8]              1        1      2         
ReadData[9]              1        1      2         
RegWrite                 1        1      2         
ResultSrc[0]             3        1      4         
ResultSrc[1]             2        1      3         
Result[0]                2        1      3         
Result[10]               2        1      3         
Result[11]               2        1      3         
Result[12]               2        1      3         
Result[13]               2        1      3         
Result[14]               2        1      3         
Result[15]               2        1      3         
Result[16]               2        1      3         
Result[17]               2        1      3         
Result[18]               2        1      3         
Result[19]               2        1      3         
Result[1]                2        1      3         
Result[20]               2        1      3         
Result[21]               2        1      3         
Result[22]               2        1      3         
Result[23]               2        1      3         
Result[24]               2        1      3         
Result[25]               2        1      3         
Result[26]               2        1      3         
Result[27]               2        1      3         
Result[28]               2        1      3         
Result[29]               2        1      3         
Result[2]                2        1      3         
Result[30]               2        1      3         
Result[31]               2        1      3         
Result[3]                2        1      3         
Result[4]                2        1      3         
Result[5]                2        1      3         
Result[6]                2        1      3         
Result[7]                2        1      3         
Result[8]                2        1      3         
Result[9]                2        1      3         
SrcA[0]                  2        1      3         
SrcA[10]                 1        1      2         
SrcA[11]                 1        1      2         
SrcA[12]                 1        1      2         
SrcA[13]                 1        1      2         
SrcA[14]                 1        1      2         
SrcA[15]                 1        1      2         
SrcA[16]                 1        1      2         
SrcA[17]                 1        1      2         
SrcA[18]                 1        1      2         
SrcA[19]                 1        1      2         
SrcA[1]                  2        1      3         
SrcA[20]                 1        1      2         
SrcA[21]                 1        1      2         
SrcA[22]                 1        1      2         
SrcA[23]                 1        1      2         
SrcA[24]                 2        1      3         
SrcA[25]                 2        1      3         
SrcA[26]                 1        1      2         
SrcA[27]                 1        1      2         
SrcA[28]                 1        1      2         
SrcA[29]                 1        1      2         
SrcA[2]                  2        1      3         
SrcA[30]                 1        1      2         
SrcA[31]                 1        1      2         
SrcA[3]                  1        1      2         
SrcA[4]                  1        1      2         
SrcA[5]                  1        1      2         
SrcA[6]                  1        1      2         
SrcA[7]                  1        1      2         
SrcA[8]                  1        1      2         
SrcA[9]                  1        1      2         
SrcB[0]                  2        1      3         
SrcB[10]                 1        1      2         
SrcB[11]                 1        1      2         
SrcB[12]                 1        1      2         
SrcB[13]                 1        1      2         
SrcB[14]                 1        1      2         
SrcB[15]                 1        1      2         
SrcB[16]                 1        1      2         
SrcB[17]                 1        1      2         
SrcB[18]                 2        1      3         
SrcB[19]                 1        1      2         
SrcB[1]                  2        1      3         
SrcB[20]                 1        1      2         
SrcB[21]                 1        1      2         
SrcB[22]                 1        1      2         
SrcB[23]                 2        1      3         
SrcB[24]                 2        1      3         
SrcB[25]                 2        1      3         
SrcB[26]                 1        1      2         
SrcB[27]                 1        1      2         
SrcB[28]                 1        1      2         
SrcB[29]                 1        1      2         
SrcB[2]                  1        1      2         
SrcB[30]                 1        1      2         
SrcB[31]                 1        1      2         
SrcB[3]                  1        1      2         
SrcB[4]                  1        1      2         
SrcB[5]                  1        1      2         
SrcB[6]                  1        1      2         
SrcB[7]                  1        1      2         
SrcB[8]                  1        1      2         
SrcB[9]                  1        1      2         
WriteData[0]             2        1      3         
WriteData[10]            2        1      3         
WriteData[11]            2        1      3         
WriteData[12]            2        1      3         
WriteData[13]            2        1      3         
WriteData[14]            2        1      3         
WriteData[15]            2        1      3         
WriteData[16]            2        1      3         
WriteData[17]            2        1      3         
WriteData[18]            2        1      3         
WriteData[19]            2        1      3         
WriteData[1]             2        1      3         
WriteData[20]            2        1      3         
WriteData[21]            2        1      3         
WriteData[22]            2        1      3         
WriteData[23]            2        1      3         
WriteData[24]            2        1      3         
WriteData[25]            2        1      3         
WriteData[26]            2        1      3         
WriteData[27]            2        1      3         
WriteData[28]            2        1      3         
WriteData[29]            2        1      3         
WriteData[2]             2        1      3         
WriteData[30]            2        1      3         
WriteData[31]            2        1      3         
WriteData[3]             2        1      3         
WriteData[4]             2        1      3         
WriteData[5]             2        1      3         
WriteData[6]             2        1      3         
WriteData[7]             2        1      3         
WriteData[8]             2        1      3         
WriteData[9]             2        1      3         
clk                   1568        1   1569         
fun_clk                  1        1      2         
fun_rst                  1        1      2         
n10                      1        1      2         
n100                     2        1      3         
n101                     1        1      2         
n102                     2        1      3         
n103                     1        1      2         
n104                     2        1      3         
n105                     1        1      2         
n106                     2        1      3         
n107                     1        1      2         
n108                     2        1      3         
n109                     1        1      2         
n11                      1        1      2         
n110                     2        1      3         
n111                     1        1      2         
n112                     2        1      3         
n113                     1        1      2         
n114                     2        1      3         
n115                     1        1      2         
n116                     2        1      3         
n117                     1        1      2         
n118                     2        1      3         
n119                     1        1      2         
n12                      1        1      2         
n120                     2        1      3         
n121                     1        1      2         
n122                     2        1      3         
n123                     1        1      2         
n124                     2        1      3         
n125                     1        1      2         
n126                     2        1      3         
n127                     1        1      2         
n128                     2        1      3         
n129                     1        1      2         
n13                      1        1      2         
n130                     2        1      3         
n131                     1        1      2         
n132                     2        1      3         
n133                     1        1      2         
n134                     2        1      3         
n135                     1        1      2         
n136                     2        1      3         
n137                     1        1      2         
n138                     2        1      3         
n139                     1        1      2         
n14                      1        1      2         
n140                     2        1      3         
n141                     1        1      2         
n142                     2        1      3         
n143                     1        1      2         
n144                     2        1      3         
n145                     1        1      2         
n146                     2        1      3         
n147                     1        1      2         
n148                     2        1      3         
n149                     1        1      2         
n15                      1        1      2         
n150                     2        1      3         
n16                      1        1      2         
n17                      1        1      2         
n18                      1        1      2         
n19                      1        1      2         
n20                      1        1      2         
n21                      1        1      2         
n22                      1        1      2         
n23                      1        1      2         
n24                      1        1      2         
n25                      1        1      2         
n26                      1        1      2         
n27                      1        1      2         
n28                      1        1      2         
n29                      1        1      2         
n30                      1        1      2         
n31                      1        1      2         
n32                      1        1      2         
n33                      1        1      2         
n34                      1        1      2         
n35                      1        1      2         
n36                      1        1      2         
n37                      1        1      2         
n38                      1        1      2         
n39                      1        1      2         
n40                      1        1      2         
n41                      1        1      2         
n42                      1        1      2         
n43                      1        1      2         
n44                      1        1      2         
n45                      1        1      2         
n46                      1        1      2         
n47                      1        1      2         
n48                      1        1      2         
n49                      1        1      2         
n50                      1        1      2         
n51                      1        1      2         
n52                      1        1      2         
n53                      1        1      2         
n54                      1        1      2         
n55                      1        1      2         
n56                      1        1      2         
n57                      1        1      2         
n58                      1        1      2         
n59                      1        1      2         
n60                      1        1      2         
n61                      1        1      2         
n62                      1        1      2         
n63                      2        1      3         
n64                      1        1      2         
n65                      1        1      2         
n66                      1        1      2         
n67                      2        1      3         
n68                      1        1      2         
n69                      1        1      2         
n7                       2        1      3         
n70                      1        1      2         
n71                      1        1      2         
n72                      1        1      2         
n73                      1        1      2         
n74                      2        1      3         
n75                      1        1      2         
n76                      1        1      2         
n77                      1        1      2         
n78                      2        1      3         
n79                      1        1      2         
n8                       1        1      2         
n80                      1        1      2         
n81                      1        1      2         
n82                      1        1      2         
n83                      1        1      2         
n84                      1        1      2         
n85                      1        1      2         
n86                      1        1      2         
n87                      1        1      2         
n88                      1        1      2         
n89                      1        1      2         
n9                       1        1      2         
n90                      1        1      2         
n91                      1        1      2         
n92                      2        1      3         
n93                      1        1      2         
n94                      2        1      3         
n95                      1        1      2         
n96                      2        1      3         
n97                      1        1      2         
n98                      2        1      3         
n99                      1        1      2         
out_ALU[0]               2        1      3         
out_ALU[10]              2        1      3         
out_ALU[11]              2        1      3         
out_ALU[12]              2        1      3         
out_ALU[13]              2        1      3         
out_ALU[14]              2        1      3         
out_ALU[15]              2        1      3         
out_ALU[16]              2        1      3         
out_ALU[17]              2        1      3         
out_ALU[18]              2        1      3         
out_ALU[19]              2        1      3         
out_ALU[1]               2        1      3         
out_ALU[20]              2        1      3         
out_ALU[21]              2        1      3         
out_ALU[22]              2        1      3         
out_ALU[23]              2        1      3         
out_ALU[24]              2        1      3         
out_ALU[25]              2        1      3         
out_ALU[26]              2        1      3         
out_ALU[27]              2        1      3         
out_ALU[28]              2        1      3         
out_ALU[29]              2        1      3         
out_ALU[2]               2        1      3         
out_ALU[30]              2        1      3         
out_ALU[31]              2        1      3         
out_ALU[3]               2        1      3         
out_ALU[4]               2        1      3         
out_ALU[5]               2        1      3         
out_ALU[6]               2        1      3         
out_ALU[7]               2        1      3         
out_ALU[8]               2        1      3         
out_ALU[9]               2        1      3         
rst                   1079        1   1080         
scan_clk                 1        1      2         
scan_rst                 1        1      2         
test_mode                1        1      2         
zero                     1        1      2         

Attributes
    d - user dont_touch
    D - derived dont_touch

--------------------------------------------------------------------------------
Total 549 nets        3510      515   4025
Maximum               1568        1   1569
Average               6.39     0.94   7.33
1
