****************************************
Report : port
Module : RISCV
Mode   : default
Corner : default
Scenario: default
Version: O-2018.06-SP1
Date   : Sun Aug 24 08:00:19 2025
****************************************
                      Pin Cap                    Wire Cap
                   Min          Max           Min          Max
Port      Dir    rise/fall    rise/fall     rise/fall    rise/fall    Attributes
--------------------------------------------------------------------------------
out_ALU[0]
          out    1.00/1.00    1.00/1.00     0.00/0.00    0.00/0.00
out_ALU[10]
          out    1.00/1.00    1.00/1.00     0.00/0.00    0.00/0.00
out_ALU[11]
          out    1.00/1.00    1.00/1.00     0.00/0.00    0.00/0.00
out_ALU[12]
          out    1.00/1.00    1.00/1.00     0.00/0.00    0.00/0.00
out_ALU[13]
          out    1.00/1.00    1.00/1.00     0.00/0.00    0.00/0.00
out_ALU[14]
          out    1.00/1.00    1.00/1.00     0.00/0.00    0.00/0.00
out_ALU[15]
          out    1.00/1.00    1.00/1.00     0.00/0.00    0.00/0.00
out_ALU[16]
          out    1.00/1.00    1.00/1.00     0.00/0.00    0.00/0.00
out_ALU[17]
          out    1.00/1.00    1.00/1.00     0.00/0.00    0.00/0.00
out_ALU[18]
          out    1.00/1.00    1.00/1.00     0.00/0.00    0.00/0.00
out_ALU[19]
          out    1.00/1.00    1.00/1.00     0.00/0.00    0.00/0.00
out_ALU[1]
          out    1.00/1.00    1.00/1.00     0.00/0.00    0.00/0.00
out_ALU[20]
          out    1.00/1.00    1.00/1.00     0.00/0.00    0.00/0.00
out_ALU[21]
          out    1.00/1.00    1.00/1.00     0.00/0.00    0.00/0.00
out_ALU[22]
          out    1.00/1.00    1.00/1.00     0.00/0.00    0.00/0.00
out_ALU[23]
          out    1.00/1.00    1.00/1.00     0.00/0.00    0.00/0.00
out_ALU[24]
          out    1.00/1.00    1.00/1.00     0.00/0.00    0.00/0.00
out_ALU[25]
          out    1.00/1.00    1.00/1.00     0.00/0.00    0.00/0.00
out_ALU[26]
          out    1.00/1.00    1.00/1.00     0.00/0.00    0.00/0.00
out_ALU[27]
          out    1.00/1.00    1.00/1.00     0.00/0.00    0.00/0.00
out_ALU[28]
          out    1.00/1.00    1.00/1.00     0.00/0.00    0.00/0.00
out_ALU[29]
          out    1.00/1.00    1.00/1.00     0.00/0.00    0.00/0.00
out_ALU[2]
          out    1.00/1.00    1.00/1.00     0.00/0.00    0.00/0.00
out_ALU[30]
          out    1.00/1.00    1.00/1.00     0.00/0.00    0.00/0.00
out_ALU[31]
          out    1.00/1.00    1.00/1.00     0.00/0.00    0.00/0.00
out_ALU[3]
          out    1.00/1.00    1.00/1.00     0.00/0.00    0.00/0.00
out_ALU[4]
          out    1.00/1.00    1.00/1.00     0.00/0.00    0.00/0.00
out_ALU[5]
          out    1.00/1.00    1.00/1.00     0.00/0.00    0.00/0.00
out_ALU[6]
          out    1.00/1.00    1.00/1.00     0.00/0.00    0.00/0.00
out_ALU[7]
          out    1.00/1.00    1.00/1.00     0.00/0.00    0.00/0.00
out_ALU[8]
          out    1.00/1.00    1.00/1.00     0.00/0.00    0.00/0.00
out_ALU[9]
          out    1.00/1.00    1.00/1.00     0.00/0.00    0.00/0.00
1
