 
****************************************
Report : area
Design : RISCV
Version: O-2018.06-SP1
Date   : Wed Aug 27 08:12:38 2025
****************************************

Library(s) Used:

    saed90nm_max (File: /home/ICer/Downloads/Lib/synopsys/models/saed90nm_max.db)

Number of ports:                         1410
Number of nets:                         27067
Number of cells:                        23775
Number of combinational cells:          21541
Number of sequential cells:              2215
Number of macros/black boxes:               0
Number of buf/inv:                      15206
Number of references:                      15

Combinational area:             151215.209592
Buf/Inv area:                    85009.307741
Noncombinational area:           63553.535645
Macro/Black Box area:                0.000000
Net Interconnect area:           16743.709548

Total cell area:                214768.745236
Total area:                     231512.454785
1
