 
****************************************
Report : Scan path
Design : RISCV
Version: O-2018.06-SP1
Date   : Wed Aug 27 08:12:38 2025
****************************************

========================================
TEST MODE: Internal_scan
VIEW     : Specification
========================================
No scan path defined in this mode.

 
****************************************
Report : Scan path
Design : RISCV
Version: O-2018.06-SP1
Date   : Wed Aug 27 08:12:38 2025
****************************************

========================================
TEST MODE: Internal_scan
VIEW     : Existing DFT
========================================

========================================
AS SPECIFIED BY USER
========================================


========================================
AS BUILT BY insert_dft
========================================

Scan_path    Len   ScanDataIn  ScanDataOut ScanEnable  MasterClock SlaveClock
-----------  ----- ----------- ----------- ----------- ----------- -----------
I 1          410   scan_in_1   scan_out_1  scan_en     scan_clk    -
I 2          410   scan_in_2   scan_out_2  scan_en     scan_clk    -
I 3          410   scan_in_3   scan_out_3  scan_en     scan_clk    -
I 4          409   scan_in_4   scan_out_4  scan_en     scan_clk    -
I 5          409   scan_in_5   scan_out_5  scan_en     scan_clk    -

1
