 
****************************************
Report : area
Design : RISCV
Version: O-2018.06-SP1
Date   : Thu Aug 28 00:25:49 2025
****************************************

Library(s) Used:

    saed90nm_max (File: /home/ICer/Downloads/Lib/synopsys/models/saed90nm_max.db)

Number of ports:                         1375
Number of nets:                         33139
Number of cells:                        29804
Number of combinational cells:          27636
Number of sequential cells:              2151
Number of macros/black boxes:               0
Number of buf/inv:                      18407
Number of references:                      15

Combinational area:             208214.321348
Buf/Inv area:                   118241.280230
Noncombinational area:           59889.254379
Macro/Black Box area:                0.000000
Net Interconnect area:            4462.111766

Total cell area:                268103.575727
Total area:                     272565.687493
1
