****************************************
Report : Data Mismatches
Version: O-2018.06-SP1
Date   : Thu Aug 28 00:22:55 2025
****************************************
No mismatches exist on the design.
1
1
NEX: 31900 nets
NEX: 99.86%(31856/31900) nets are valid placed

Histogram of "num of nodes per net"
  value: 	percent%
     0: 	0.1% 
     1: 	0.1% 
     2: 	63.6% (peak)
     3: 	36.2% 
     4: 	0.0% (average = 4) 
    1000: 	0.0% 
    10000: 	0.0% 


Histogram of "net bbox size(um)"
  value: 	percent%
   0.00: 	0.1% 
   1.00: 	0.2% 
   2.00: 	2.0% 
   3.00: 	8.0% 
   4.00: 	13.2% (peak)
   5.00: 	33.5% 
   10.00: 	17.5% 
   20.00: 	9.2% (average = 27.5) 
   40.00: 	9.1% 
   100.00: 	4.8% 
   200.00: 	2.2% 
   400.00: 	0.2% 


Histogram of "net bbox aspect()"
  value: 	percent%
   0.00: 	0.1% 
   1.00: 	6.2% (peak)
   1.10: 	5.9% 
   1.20: 	5.3% 
   1.30: 	5.0% 
   1.40: 	4.5% 
   1.50: 	3.7% 
   1.60: 	3.7% 
   1.70: 	3.1% 
   1.80: 	3.2% 
   1.90: 	3.1% 
   2.00: 	12.4% 
   2.50: 	8.2% 
   3.00: 	9.8% 
   4.00: 	5.6% 
   5.00: 	10.3% (average = 5.1) 
   10.00: 	5.4% 
   20.00: 	1.9% 
   30.00: 	1.0% 
   40.00: 	0.6% 
   50.00: 	0.8% 
   100.00: 	0.2% 

NEX: 29731 insts

Histogram of "inst bbox size(um)"
  value: 	percent%
   3.00: 	91.5% (average = 3.6) (peak)
   4.00: 	0.5% 
   5.00: 	3.6% 
   10.00: 	4.5% 

1
Warning: Ignore contact DIFFCON. (ZRT-015)
Turn off antenna since no rule is specified
Cell Min-Routing-Layer = M1
Cell Max-Routing-Layer = M9
Warning: Ignore 2 top cell ports with no pins. (ZRT-027)
Info: number of net_type_blockage: 0 
Via on layer (VIA1) needs more than one tracks
Warning: Layer M1 pitch 0.320 may be too small: wire/via-down 0.315, wire/via-up 0.330. (ZRT-026)
Via on layer (VIA1) needs more than one tracks
Warning: Layer M2 pitch 0.320 may be too small: wire/via-down 0.360, wire/via-up 0.320. (ZRT-026)
Printing options for 'route.common.*'

Printing options for 'route.detail.*'
detail.force_end_on_preferred_grid                      :	 true                

Printing options for 'route.auto_via_ladder.*'


============================================
==  Check for overlap of standard cells   ==
============================================

>>>>>> No overlap of standard cells found

============================================
==     Check for min-grid violations      ==
============================================

>>>>>> No min-grid violations found


============================================
==    Check for out-of-boundary ports     ==
============================================

>>>>>> No out-of-boundary error found

============================================
==        Check for blocked ports         ==
============================================

>>>>>> No blocked ports found

>>>>>> No blocked nets found

============================================
==     Check for shielding violations     ==
============================================

>>>>>> The following Non-PG net has a shape with shape_use shield_route

>>> No non-PG net has a shape with shape_use shield_route.

>>>>>> The following PG net has shape with shape_use detail_route and shape length is too long.

>>> No PG net has shape with shape_use detail_route and shape length is too long.

>>>>>> The following nets with shield non-default rule has no internal data representation in Zroute.

>>> No nets with shield non-default rule has no internal data representation in Zroute.

============================================
==     Check for via cut blockage violation   ==
============================================

>>>>>> The following via cut blockages are wrongly treated as real vias.

>>> No via cut blockage is wrongly treated as real via.

============================================
==     Check for custom via definition    ==
============================================

>>> No custom via definition has too many cuts

============================================
==          Check for via master          ==
============================================

>>> The total number of via master definition is 83

===============================================
==     Check non-default rule setting        ==
===============================================

>>> No NDR width is larger than signalRouteMaxWidth

>>> No NDR shield width is larger than signalRouteMaxWidth

End of check_routability
1
